0 verbose cli /home/erp_user/.nvm/versions/node/v18.19.1/bin/node /home/erp_user/.nvm/versions/node/v18.19.1/bin/npm
1 info using npm@10.2.4
2 info using node@v18.19.1
3 timing npm:load:whichnode Completed in 7ms
4 timing config:load:defaults Completed in 1ms
5 timing config:load:file:/home/erp_user/.nvm/versions/node/v18.19.1/lib/node_modules/npm/npmrc Completed in 1ms
6 timing config:load:builtin Completed in 1ms
7 timing config:load:cli Completed in 3ms
8 timing config:load:env Completed in 0ms
9 timing config:load:project Completed in 5ms
10 timing config:load:file:/home/erp_user/.npmrc Completed in 0ms
11 timing config:load:user Completed in 0ms
12 timing config:load:file:/home/erp_user/.nvm/versions/node/v18.19.1/etc/npmrc Completed in 0ms
13 timing config:load:global Completed in 0ms
14 timing config:load:setEnvs Completed in 1ms
15 timing config:load Completed in 11ms
16 timing npm:load:configload Completed in 12ms
17 timing config:load:flatten Completed in 3ms
18 timing npm:load:mkdirpcache Completed in 0ms
19 timing npm:load:mkdirplogs Completed in 1ms
20 verbose title npm
21 verbose argv "--version"
22 timing npm:load:setTitle Completed in 0ms
23 timing npm:load:display Completed in 1ms
24 verbose logfile logs-max:10 dir:/home/erp_user/.npm/_logs/2024-03-19T05_57_32_883Z-
25 verbose logfile /home/erp_user/.npm/_logs/2024-03-19T05_57_32_883Z-debug-0.log
26 timing npm:load:logFile Completed in 7ms
27 timing npm:load:timers Completed in 0ms
28 timing npm:load:configScope Completed in 0ms
29 timing npm:load Completed in 44ms
30 verbose exit 0
31 timing npm Completed in 51ms
32 info ok
